Release 14.7 - xst P.20131013 (nt64)
Copyright (c) 1995-2013 Xilinx, Inc.  All rights reserved.
--> Parameter TMPDIR set to xst/projnav.tmp


Total REAL time to Xst completion: 0.00 secs
Total CPU time to Xst completion: 0.22 secs
 
--> Parameter xsthdpdir set to xst


Total REAL time to Xst completion: 0.00 secs
Total CPU time to Xst completion: 0.23 secs
 
--> Reading design: CAP17_Processor.prj

TABLE OF CONTENTS
  1) Synthesis Options Summary
  2) HDL Parsing
  3) HDL Elaboration
  4) HDL Synthesis
       4.1) HDL Synthesis Report
  5) Advanced HDL Synthesis
       5.1) Advanced HDL Synthesis Report
  6) Low Level Synthesis
  7) Partition Report
  8) Design Summary
       8.1) Primitive and Black Box Usage
       8.2) Device utilization summary
       8.3) Partition Resource Summary
       8.4) Timing Report
            8.4.1) Clock Information
            8.4.2) Asynchronous Control Signals Information
            8.4.3) Timing Summary
            8.4.4) Timing Details
            8.4.5) Cross Clock Domains Report


=========================================================================
*                      Synthesis Options Summary                        *
=========================================================================
---- Source Parameters
Input File Name                    : "CAP17_Processor.prj"
Ignore Synthesis Constraint File   : NO

---- Target Parameters
Output File Name                   : "CAP17_Processor"
Output Format                      : NGC
Target Device                      : xc7a100t-3-csg324

---- Source Options
Top Module Name                    : CAP17_Processor
Automatic FSM Extraction           : YES
FSM Encoding Algorithm             : Auto
Safe Implementation                : No
FSM Style                          : LUT
RAM Extraction                     : Yes
RAM Style                          : Auto
ROM Extraction                     : Yes
Shift Register Extraction          : YES
ROM Style                          : Auto
Resource Sharing                   : YES
Asynchronous To Synchronous        : NO
Shift Register Minimum Size        : 2
Use DSP Block                      : Auto
Automatic Register Balancing       : No

---- Target Options
LUT Combining                      : Auto
Reduce Control Sets                : Auto
Add IO Buffers                     : YES
Global Maximum Fanout              : 100000
Add Generic Clock Buffer(BUFG)     : 32
Register Duplication               : YES
Optimize Instantiated Primitives   : NO
Use Clock Enable                   : Auto
Use Synchronous Set                : Auto
Use Synchronous Reset              : Auto
Pack IO Registers into IOBs        : Auto
Equivalent register Removal        : YES

---- General Options
Optimization Goal                  : Speed
Optimization Effort                : 1
Power Reduction                    : NO
Keep Hierarchy                     : No
Netlist Hierarchy                  : As_Optimized
RTL Output                         : Yes
Global Optimization                : AllClockNets
Read Cores                         : YES
Write Timing Constraints           : NO
Cross Clock Analysis               : NO
Hierarchy Separator                : /
Bus Delimiter                      : <>
Case Specifier                     : Maintain
Slice Utilization Ratio            : 100
BRAM Utilization Ratio             : 100
DSP48 Utilization Ratio            : 100
Auto BRAM Packing                  : NO
Slice Utilization Ratio Delta      : 5

=========================================================================


=========================================================================
*                          HDL Parsing                                  *
=========================================================================
Analyzing Verilog file "D:\Xilinx\HW1\FullAdder.v" into library work
Parsing module <FullAdder>.
Analyzing Verilog file "D:\Xilinx\HW1\XOR16.v" into library work
Parsing module <XOR16>.
Analyzing Verilog file "D:\Xilinx\HW1\Subtractor16.v" into library work
Parsing module <Subtractor16>.
Analyzing Verilog file "D:\Xilinx\HW1\Multiplier.v" into library work
Parsing module <Multiplier>.
Analyzing Verilog file "D:\Xilinx\HW1\LShifter.v" into library work
Parsing module <LShifter>.
Analyzing Verilog file "D:\Xilinx\HW1\Adder16.v" into library work
Parsing module <Adder16>.
Analyzing Verilog file "D:\Xilinx\HW1\ALU.v" into library work
Parsing module <ALU>.
Analyzing Verilog file "D:\Test\RegBank.v" into library work
Parsing module <RegBank>.
Analyzing Verilog file "D:\Test\MultiPlexedALU.v" into library work
Parsing module <MultiPlexedALU>.
Analyzing Verilog file "D:\Test\Mem16.v" into library work
Parsing module <Mem16>.
Analyzing Verilog file "D:\Test\ControlUnit.v" into library work
Parsing module <ControlUnit>.
Analyzing Verilog file "D:\Test\CAP17_Processor.v" into library work
Parsing module <CAP17_Processor>.

=========================================================================
*                            HDL Elaboration                            *
=========================================================================

Elaborating module <CAP17_Processor>.
WARNING:HDLCompiler:1127 - "D:\Test\CAP17_Processor.v" Line 45: Assignment to MemDatain ignored, since the identifier is never used

Elaborating module <Mem16>.
WARNING:HDLCompiler:413 - "D:\Test\Mem16.v" Line 221: Result of 13-bit expression is truncated to fit in 12-bit target.
WARNING:HDLCompiler:91 - "D:\Test\Mem16.v" Line 245: Signal <clk> missing in the sensitivity list is added for synthesis purposes. HDL and post-synthesis simulations may differ as a result.
ERROR:HDLCompiler:636 - "D:\Test\Mem16.v" Line 242: Net <clk_con_at_statuschange> is already driven by input port <clk>.
INFO - You can change the severity of this error message to warning using switch -change_error_to_warning "HDLCompiler:636"
Driving port clk is declared here
Module Mem16 remains a blackbox, due to errors in its contents
WARNING:HDLCompiler:1499 - "D:\Test\Mem16.v" Line 21: Empty module <Mem16> remains a black box.

Elaborating module <RegBank>.
ERROR:HDLCompiler:1773 - "D:\Test\RegBank.v" Line 58: Procedural 'assign' is not a supported statement for synthesis
Module RegBank remains a blackbox, due to errors in its contents
WARNING:HDLCompiler:1499 - "D:\Test\RegBank.v" Line 21: Empty module <RegBank> remains a black box.
WARNING:HDLCompiler:1127 - "D:\Test\CAP17_Processor.v" Line 100: Assignment to RegBankStatus_n ignored, since the identifier is never used
WARNING:HDLCompiler:1127 - "D:\Test\CAP17_Processor.v" Line 101: Assignment to RegBankStatus_c ignored, since the identifier is never used
WARNING:HDLCompiler:1127 - "D:\Test\CAP17_Processor.v" Line 102: Assignment to RegBankStatus_ov ignored, since the identifier is never used

Elaborating module <ControlUnit>.
ERROR:HDLCompiler:1773 - "D:\Test\ControlUnit.v" Line 52: Procedural 'assign' is not a supported statement for synthesis
Module ControlUnit remains a blackbox, due to errors in its contents
WARNING:HDLCompiler:1499 - "D:\Test\ControlUnit.v" Line 21: Empty module <ControlUnit> remains a black box.
WARNING:HDLCompiler:1127 - "D:\Test\CAP17_Processor.v" Line 123: Assignment to seq ignored, since the identifier is never used

Elaborating module <MultiPlexedALU>.

Elaborating module <ALU>.

Elaborating module <Adder16>.

Elaborating module <FullAdder>.

Elaborating module <Subtractor16>.

Elaborating module <Multiplier>.

Elaborating module <XOR16>.

Elaborating module <LShifter>.
ERROR:HDLCompiler:1773 - "D:\Xilinx\HW1\LShifter.v" Line 30: Procedural 'assign' is not a supported statement for synthesis
Module LShifter remains a blackbox, due to errors in its contents
WARNING:HDLCompiler:1499 - "D:\Xilinx\HW1\LShifter.v" Line 21: Empty module <LShifter> remains a black box.
WARNING:HDLCompiler:1127 - "D:\Xilinx\HW1\ALU.v" Line 46: Assignment to pwr ignored, since the identifier is never used
WARNING:HDLCompiler:1127 - "D:\Xilinx\HW1\ALU.v" Line 47: Assignment to gnd ignored, since the identifier is never used
WARNING:HDLCompiler:1127 - "D:\Xilinx\HW1\ALU.v" Line 50: Assignment to s15 ignored, since the identifier is never used
ERROR:HDLCompiler:1773 - "D:\Xilinx\HW1\ALU.v" Line 57: Procedural 'assign' is not a supported statement for synthesis
Module ALU remains a blackbox, due to errors in its contents
WARNING:HDLCompiler:1499 - "D:\Xilinx\HW1\ALU.v" Line 21: Empty module <ALU> remains a black box.
--> 

Total memory usage is 291040 kilobytes

Number of errors   :    5 (   0 filtered)
Number of warnings :   15 (   0 filtered)
Number of infos    :    0 (   0 filtered)

